<?xml version="1.0" encoding="UTF-8"?>
<!-- Generated by org.testng.reporters.JUnitXMLReporter -->
<testsuite ignored="0" hostname="LAPTOP-BNSC4CSI" failures="1" tests="6" name="chrome Test" time="6.755" errors="0" timestamp="2022-08-16T15:00:41 IST">
  <testcase classname="CrossBrowserPra.ChromeFireboxCrossBrowser" name="Crossbrowser" time="2.239"/>
  <testcase classname="CrossBrowserPra.ChromeFireboxCrossBrowser" name="verifycurrenturl" time="0.017">
    <failure type="java.lang.AssertionError" message="expected [https://www.facebook.com] but found [https://www.facebook.com/]">
      <![CDATA[java.lang.AssertionError: expected [https://www.facebook.com] but found [https://www.facebook.com/]
at CrossBrowserPra.ChromeFireboxCrossBrowser.verifycurrenturl(ChromeFireboxCrossBrowser.java:38)
at java.base/java.util.ArrayList.forEach(ArrayList.java:1511)
at java.base/java.util.concurrent.FutureTask.run(FutureTask.java:264)
at java.base/java.util.concurrent.ThreadPoolExecutor.runWorker(ThreadPoolExecutor.java:1136)
at java.base/java.util.concurrent.ThreadPoolExecutor$Worker.run(ThreadPoolExecutor.java:635)
at java.base/java.lang.Thread.run(Thread.java:833)
... Removed 22 stack frames]]>
    </failure>
  </testcase> <!-- verifycurrenturl -->
  <testcase classname="CrossBrowserPra.ChromeFireboxCrossBrowser" name="verifyPageTitle" time="0.009"/>
  <testcase classname="CrossBrowserPra.ChromeFireboxCrossBrowser" name="verifyUsernamefield" time="0.107"/>
  <testcase classname="CrossBrowserPra.ChromeFireboxCrossBrowser" name="verifyPasswordfield" time="0.128"/>
  <testcase classname="CrossBrowserPra.ChromeFireboxCrossBrowser" name="clickLoginBtn" time="4.21"/>
</testsuite> <!-- chrome Test -->
